<?xml version="1.0" encoding="UTF-8"?>
<!-- Generated by org.testng.reporters.JUnitReportReporter -->
<testsuite skipped="0" hostname="DESKTOP-1MEEKAD" name="com.training.sanity.tests.RealLoginTests" tests="1" failures="0" timestamp="04 Nov 2019 06:11:14 GMT" time="96.855" errors="0">
  <testcase name="validLoginTest" time="96.855" classname="com.training.sanity.tests.RealLoginTests"/>
</testsuite> <!-- com.training.sanity.tests.RealLoginTests -->
