<?xml version="1.0" encoding="UTF-8"?>
<!-- Generated by org.testng.reporters.JUnitReportReporter -->
<testsuite skipped="0" hostname="DESKTOP-1MEEKAD" name="com.training.sanity.tests.RealLoginTests2" tests="1" failures="0" timestamp="04 Nov 2019 07:11:52 GMT" time="35.050" errors="0">
  <testcase name="validLoginTest" time="35.050" classname="com.training.sanity.tests.RealLoginTests2"/>
</testsuite> <!-- com.training.sanity.tests.RealLoginTests2 -->
